2025-03-26T09:17:25.124+05:30  INFO 12180 --- [miniproject] [main] c.e.miniproject.MiniprojectApplication   : Starting MiniprojectApplication using Java 17.0.12 with PID 12180 (C:\Users\dell\Desktop\Spring\miniproject.zip_expanded\miniproject\target\classes started by dell in C:\Users\dell\Desktop\Spring\miniproject.zip_expanded\miniproject)
2025-03-26T09:17:25.140+05:30  INFO 12180 --- [miniproject] [main] c.e.miniproject.MiniprojectApplication   : No active profile set, falling back to 1 default profile: "default"
2025-03-26T09:17:26.291+05:30  INFO 12180 --- [miniproject] [main] .s.d.r.c.RepositoryConfigurationDelegate : Multiple Spring Data modules found, entering strict repository configuration mode
2025-03-26T09:17:26.297+05:30  INFO 12180 --- [miniproject] [main] .s.d.r.c.RepositoryConfigurationDelegate : Bootstrapping Spring Data JDBC repositories in DEFAULT mode.
2025-03-26T09:17:26.344+05:30  INFO 12180 --- [miniproject] [main] .s.d.r.c.RepositoryConfigurationDelegate : Finished Spring Data repository scanning in 33 ms. Found 0 JDBC repository interfaces.
2025-03-26T09:17:26.385+05:30  INFO 12180 --- [miniproject] [main] .s.d.r.c.RepositoryConfigurationDelegate : Multiple Spring Data modules found, entering strict repository configuration mode
2025-03-26T09:17:26.388+05:30  INFO 12180 --- [miniproject] [main] .s.d.r.c.RepositoryConfigurationDelegate : Bootstrapping Spring Data JPA repositories in DEFAULT mode.
2025-03-26T09:17:26.403+05:30  INFO 12180 --- [miniproject] [main] .s.d.r.c.RepositoryConfigurationDelegate : Finished Spring Data repository scanning in 1 ms. Found 0 JPA repository interfaces.
2025-03-26T09:17:27.139+05:30  INFO 12180 --- [miniproject] [main] o.s.b.w.embedded.tomcat.TomcatWebServer  : Tomcat initialized with port 9091 (http)
2025-03-26T09:17:27.159+05:30  INFO 12180 --- [miniproject] [main] o.apache.catalina.core.StandardService   : Starting service [Tomcat]
2025-03-26T09:17:27.159+05:30  INFO 12180 --- [miniproject] [main] o.apache.catalina.core.StandardEngine    : Starting Servlet engine: [Apache Tomcat/10.1.39]
2025-03-26T09:17:27.230+05:30  INFO 12180 --- [miniproject] [main] o.a.c.c.C.[Tomcat].[localhost].[/]       : Initializing Spring embedded WebApplicationContext
2025-03-26T09:17:27.231+05:30  INFO 12180 --- [miniproject] [main] w.s.c.ServletWebServerApplicationContext : Root WebApplicationContext: initialization completed in 1946 ms
2025-03-26T09:17:27.603+05:30  INFO 12180 --- [miniproject] [main] o.hibernate.jpa.internal.util.LogHelper  : HHH000204: Processing PersistenceUnitInfo [name: default]
2025-03-26T09:17:27.702+05:30  INFO 12180 --- [miniproject] [main] org.hibernate.Version                    : HHH000412: Hibernate ORM core version 6.6.11.Final
2025-03-26T09:17:27.774+05:30  INFO 12180 --- [miniproject] [main] o.h.c.internal.RegionFactoryInitiator    : HHH000026: Second-level cache disabled
2025-03-26T09:17:28.199+05:30  INFO 12180 --- [miniproject] [main] o.s.o.j.p.SpringPersistenceUnitInfo      : No LoadTimeWeaver setup: ignoring JPA class transformer
2025-03-26T09:17:28.245+05:30  INFO 12180 --- [miniproject] [main] com.zaxxer.hikari.HikariDataSource       : HikariPool-1 - Starting...
2025-03-26T09:17:28.707+05:30  INFO 12180 --- [miniproject] [main] com.zaxxer.hikari.pool.HikariPool        : HikariPool-1 - Added connection oracle.jdbc.driver.T4CConnection@4d0e1a9a
2025-03-26T09:17:28.709+05:30  INFO 12180 --- [miniproject] [main] com.zaxxer.hikari.HikariDataSource       : HikariPool-1 - Start completed.
2025-03-26T09:17:28.862+05:30  WARN 12180 --- [miniproject] [main] org.hibernate.dialect.Dialect            : HHH000511: The 11.2.0 version for [org.hibernate.dialect.OracleDialect] is no longer supported, hence certain features may not work properly. The minimum supported version is 19.0.0. Check the community dialects project for available legacy versions.
2025-03-26T09:17:28.871+05:30  WARN 12180 --- [miniproject] [main] org.hibernate.orm.deprecation            : HHH90000025: OracleDialect does not need to be specified explicitly using 'hibernate.dialect' (remove the property setting and it will be selected by default)
2025-03-26T09:17:29.145+05:30  INFO 12180 --- [miniproject] [main] org.hibernate.orm.connections.pooling    : HHH10001005: Database info:
	Database JDBC URL [Connecting through datasource 'HikariDataSource (HikariPool-1)']
	Database driver: undefined/unknown
	Database version: 11.2
	Autocommit mode: undefined/unknown
	Isolation level: undefined/unknown
	Minimum pool size: undefined/unknown
	Maximum pool size: undefined/unknown
2025-03-26T09:17:29.581+05:30  INFO 12180 --- [miniproject] [main] o.h.e.t.j.p.i.JtaPlatformInitiator       : HHH000489: No JTA platform available (set 'hibernate.transaction.jta.platform' to enable JTA platform integration)
2025-03-26T09:17:29.588+05:30  INFO 12180 --- [miniproject] [main] j.LocalContainerEntityManagerFactoryBean : Initialized JPA EntityManagerFactory for persistence unit 'default'
2025-03-26T09:17:29.644+05:30  WARN 12180 --- [miniproject] [main] JpaBaseConfiguration$JpaWebConfiguration : spring.jpa.open-in-view is enabled by default. Therefore, database queries may be performed during view rendering. Explicitly configure spring.jpa.open-in-view to disable this warning
2025-03-26T09:17:30.443+05:30  INFO 12180 --- [miniproject] [main] o.s.b.w.embedded.tomcat.TomcatWebServer  : Tomcat started on port 9091 (http) with context path '/'
2025-03-26T09:17:30.457+05:30  INFO 12180 --- [miniproject] [main] c.e.miniproject.MiniprojectApplication   : Started MiniprojectApplication in 6.058 seconds (process running for 6.682)
2025-03-26T09:21:00.983+05:30  INFO 12180 --- [miniproject] [http-nio-9091-exec-1] o.a.c.c.C.[Tomcat].[localhost].[/]       : Initializing Spring DispatcherServlet 'dispatcherServlet'
2025-03-26T09:21:00.983+05:30  INFO 12180 --- [miniproject] [http-nio-9091-exec-1] o.s.web.servlet.DispatcherServlet        : Initializing Servlet 'dispatcherServlet'
2025-03-26T09:21:00.989+05:30  INFO 12180 --- [miniproject] [http-nio-9091-exec-1] o.s.web.servlet.DispatcherServlet        : Completed initialization in 6 ms
2025-03-26T09:21:55.344+05:30  INFO 16816 --- [miniproject] [main] c.e.miniproject.MiniprojectApplication   : Starting MiniprojectApplication using Java 17.0.12 with PID 16816 (C:\Users\dell\Desktop\Spring\miniproject.zip_expanded\miniproject\target\classes started by dell in C:\Users\dell\Desktop\Spring\miniproject.zip_expanded\miniproject)
2025-03-26T09:21:55.348+05:30  INFO 16816 --- [miniproject] [main] c.e.miniproject.MiniprojectApplication   : No active profile set, falling back to 1 default profile: "default"
2025-03-26T09:21:56.364+05:30  INFO 16816 --- [miniproject] [main] .s.d.r.c.RepositoryConfigurationDelegate : Multiple Spring Data modules found, entering strict repository configuration mode
2025-03-26T09:21:56.367+05:30  INFO 16816 --- [miniproject] [main] .s.d.r.c.RepositoryConfigurationDelegate : Bootstrapping Spring Data JDBC repositories in DEFAULT mode.
2025-03-26T09:21:56.405+05:30  INFO 16816 --- [miniproject] [main] .s.d.r.c.RepositoryConfigurationDelegate : Finished Spring Data repository scanning in 21 ms. Found 0 JDBC repository interfaces.
2025-03-26T09:21:56.434+05:30  INFO 16816 --- [miniproject] [main] .s.d.r.c.RepositoryConfigurationDelegate : Multiple Spring Data modules found, entering strict repository configuration mode
2025-03-26T09:21:56.442+05:30  INFO 16816 --- [miniproject] [main] .s.d.r.c.RepositoryConfigurationDelegate : Bootstrapping Spring Data JPA repositories in DEFAULT mode.
2025-03-26T09:21:56.458+05:30  INFO 16816 --- [miniproject] [main] .s.d.r.c.RepositoryConfigurationDelegate : Finished Spring Data repository scanning in 2 ms. Found 0 JPA repository interfaces.
2025-03-26T09:21:57.145+05:30  INFO 16816 --- [miniproject] [main] o.s.b.w.embedded.tomcat.TomcatWebServer  : Tomcat initialized with port 9091 (http)
2025-03-26T09:21:57.168+05:30  INFO 16816 --- [miniproject] [main] o.apache.catalina.core.StandardService   : Starting service [Tomcat]
2025-03-26T09:21:57.169+05:30  INFO 16816 --- [miniproject] [main] o.apache.catalina.core.StandardEngine    : Starting Servlet engine: [Apache Tomcat/10.1.39]
2025-03-26T09:21:57.233+05:30  INFO 16816 --- [miniproject] [main] o.a.c.c.C.[Tomcat].[localhost].[/]       : Initializing Spring embedded WebApplicationContext
2025-03-26T09:21:57.234+05:30  INFO 16816 --- [miniproject] [main] w.s.c.ServletWebServerApplicationContext : Root WebApplicationContext: initialization completed in 1823 ms
2025-03-26T09:21:57.551+05:30  INFO 16816 --- [miniproject] [main] o.hibernate.jpa.internal.util.LogHelper  : HHH000204: Processing PersistenceUnitInfo [name: default]
2025-03-26T09:21:57.636+05:30  INFO 16816 --- [miniproject] [main] org.hibernate.Version                    : HHH000412: Hibernate ORM core version 6.6.11.Final
2025-03-26T09:21:57.693+05:30  INFO 16816 --- [miniproject] [main] o.h.c.internal.RegionFactoryInitiator    : HHH000026: Second-level cache disabled
2025-03-26T09:21:58.030+05:30  INFO 16816 --- [miniproject] [main] o.s.o.j.p.SpringPersistenceUnitInfo      : No LoadTimeWeaver setup: ignoring JPA class transformer
2025-03-26T09:21:58.072+05:30  INFO 16816 --- [miniproject] [main] com.zaxxer.hikari.HikariDataSource       : HikariPool-1 - Starting...
2025-03-26T09:21:58.389+05:30  INFO 16816 --- [miniproject] [main] com.zaxxer.hikari.pool.HikariPool        : HikariPool-1 - Added connection oracle.jdbc.driver.T4CConnection@2b2a4332
2025-03-26T09:21:58.392+05:30  INFO 16816 --- [miniproject] [main] com.zaxxer.hikari.HikariDataSource       : HikariPool-1 - Start completed.
2025-03-26T09:21:58.517+05:30  WARN 16816 --- [miniproject] [main] org.hibernate.dialect.Dialect            : HHH000511: The 11.2.0 version for [org.hibernate.dialect.OracleDialect] is no longer supported, hence certain features may not work properly. The minimum supported version is 19.0.0. Check the community dialects project for available legacy versions.
2025-03-26T09:21:58.528+05:30  WARN 16816 --- [miniproject] [main] org.hibernate.orm.deprecation            : HHH90000025: OracleDialect does not need to be specified explicitly using 'hibernate.dialect' (remove the property setting and it will be selected by default)
2025-03-26T09:21:58.746+05:30  INFO 16816 --- [miniproject] [main] org.hibernate.orm.connections.pooling    : HHH10001005: Database info:
	Database JDBC URL [Connecting through datasource 'HikariDataSource (HikariPool-1)']
	Database driver: undefined/unknown
	Database version: 11.2
	Autocommit mode: undefined/unknown
	Isolation level: undefined/unknown
	Minimum pool size: undefined/unknown
	Maximum pool size: undefined/unknown
2025-03-26T09:21:59.099+05:30  INFO 16816 --- [miniproject] [main] o.h.e.t.j.p.i.JtaPlatformInitiator       : HHH000489: No JTA platform available (set 'hibernate.transaction.jta.platform' to enable JTA platform integration)
2025-03-26T09:21:59.108+05:30  INFO 16816 --- [miniproject] [main] j.LocalContainerEntityManagerFactoryBean : Initialized JPA EntityManagerFactory for persistence unit 'default'
2025-03-26T09:21:59.164+05:30  WARN 16816 --- [miniproject] [main] JpaBaseConfiguration$JpaWebConfiguration : spring.jpa.open-in-view is enabled by default. Therefore, database queries may be performed during view rendering. Explicitly configure spring.jpa.open-in-view to disable this warning
2025-03-26T09:21:59.851+05:30  WARN 16816 --- [miniproject] [main] ConfigServletWebServerApplicationContext : Exception encountered during context initialization - cancelling refresh attempt: org.springframework.context.ApplicationContextException: Failed to start bean 'webServerStartStop'
2025-03-26T09:21:59.855+05:30  INFO 16816 --- [miniproject] [main] j.LocalContainerEntityManagerFactoryBean : Closing JPA EntityManagerFactory for persistence unit 'default'
2025-03-26T09:21:59.869+05:30  INFO 16816 --- [miniproject] [main] com.zaxxer.hikari.HikariDataSource       : HikariPool-1 - Shutdown initiated...
2025-03-26T09:21:59.903+05:30  INFO 16816 --- [miniproject] [main] com.zaxxer.hikari.HikariDataSource       : HikariPool-1 - Shutdown completed.
2025-03-26T09:21:59.942+05:30  INFO 16816 --- [miniproject] [main] .s.b.a.l.ConditionEvaluationReportLogger : 

Error starting ApplicationContext. To display the condition evaluation report re-run your application with 'debug' enabled.
2025-03-26T09:21:59.972+05:30 ERROR 16816 --- [miniproject] [main] o.s.b.d.LoggingFailureAnalysisReporter   : 

***************************
APPLICATION FAILED TO START
***************************

Description:

Web server failed to start. Port 9091 was already in use.

Action:

Identify and stop the process that's listening on port 9091 or configure this application to listen on another port.

2025-03-26T09:22:21.354+05:30  INFO 11848 --- [miniproject] [main] c.e.miniproject.MiniprojectApplication   : Starting MiniprojectApplication using Java 17.0.12 with PID 11848 (C:\Users\dell\Desktop\Spring\miniproject.zip_expanded\miniproject\target\classes started by dell in C:\Users\dell\Desktop\Spring\miniproject.zip_expanded\miniproject)
2025-03-26T09:22:21.366+05:30  INFO 11848 --- [miniproject] [main] c.e.miniproject.MiniprojectApplication   : No active profile set, falling back to 1 default profile: "default"
2025-03-26T09:22:22.628+05:30  INFO 11848 --- [miniproject] [main] .s.d.r.c.RepositoryConfigurationDelegate : Multiple Spring Data modules found, entering strict repository configuration mode
2025-03-26T09:22:22.630+05:30  INFO 11848 --- [miniproject] [main] .s.d.r.c.RepositoryConfigurationDelegate : Bootstrapping Spring Data JDBC repositories in DEFAULT mode.
2025-03-26T09:22:22.658+05:30  INFO 11848 --- [miniproject] [main] .s.d.r.c.RepositoryConfigurationDelegate : Finished Spring Data repository scanning in 16 ms. Found 0 JDBC repository interfaces.
2025-03-26T09:22:22.681+05:30  INFO 11848 --- [miniproject] [main] .s.d.r.c.RepositoryConfigurationDelegate : Multiple Spring Data modules found, entering strict repository configuration mode
2025-03-26T09:22:22.685+05:30  INFO 11848 --- [miniproject] [main] .s.d.r.c.RepositoryConfigurationDelegate : Bootstrapping Spring Data JPA repositories in DEFAULT mode.
2025-03-26T09:22:22.699+05:30  INFO 11848 --- [miniproject] [main] .s.d.r.c.RepositoryConfigurationDelegate : Finished Spring Data repository scanning in 2 ms. Found 0 JPA repository interfaces.
2025-03-26T09:22:23.404+05:30  INFO 11848 --- [miniproject] [main] o.s.b.w.embedded.tomcat.TomcatWebServer  : Tomcat initialized with port 9091 (http)
2025-03-26T09:22:23.432+05:30  INFO 11848 --- [miniproject] [main] o.apache.catalina.core.StandardService   : Starting service [Tomcat]
2025-03-26T09:22:23.433+05:30  INFO 11848 --- [miniproject] [main] o.apache.catalina.core.StandardEngine    : Starting Servlet engine: [Apache Tomcat/10.1.39]
2025-03-26T09:22:23.549+05:30  INFO 11848 --- [miniproject] [main] o.a.c.c.C.[Tomcat].[localhost].[/]       : Initializing Spring embedded WebApplicationContext
2025-03-26T09:22:23.550+05:30  INFO 11848 --- [miniproject] [main] w.s.c.ServletWebServerApplicationContext : Root WebApplicationContext: initialization completed in 2093 ms
2025-03-26T09:22:23.961+05:30  INFO 11848 --- [miniproject] [main] o.hibernate.jpa.internal.util.LogHelper  : HHH000204: Processing PersistenceUnitInfo [name: default]
2025-03-26T09:22:24.028+05:30  INFO 11848 --- [miniproject] [main] org.hibernate.Version                    : HHH000412: Hibernate ORM core version 6.6.11.Final
2025-03-26T09:22:24.083+05:30  INFO 11848 --- [miniproject] [main] o.h.c.internal.RegionFactoryInitiator    : HHH000026: Second-level cache disabled
2025-03-26T09:22:24.411+05:30  INFO 11848 --- [miniproject] [main] o.s.o.j.p.SpringPersistenceUnitInfo      : No LoadTimeWeaver setup: ignoring JPA class transformer
2025-03-26T09:22:24.451+05:30  INFO 11848 --- [miniproject] [main] com.zaxxer.hikari.HikariDataSource       : HikariPool-1 - Starting...
2025-03-26T09:22:24.787+05:30  INFO 11848 --- [miniproject] [main] com.zaxxer.hikari.pool.HikariPool        : HikariPool-1 - Added connection oracle.jdbc.driver.T4CConnection@4c5da4f9
2025-03-26T09:22:24.790+05:30  INFO 11848 --- [miniproject] [main] com.zaxxer.hikari.HikariDataSource       : HikariPool-1 - Start completed.
2025-03-26T09:22:24.919+05:30  WARN 11848 --- [miniproject] [main] org.hibernate.dialect.Dialect            : HHH000511: The 11.2.0 version for [org.hibernate.dialect.OracleDialect] is no longer supported, hence certain features may not work properly. The minimum supported version is 19.0.0. Check the community dialects project for available legacy versions.
2025-03-26T09:22:24.933+05:30  WARN 11848 --- [miniproject] [main] org.hibernate.orm.deprecation            : HHH90000025: OracleDialect does not need to be specified explicitly using 'hibernate.dialect' (remove the property setting and it will be selected by default)
2025-03-26T09:22:25.160+05:30  INFO 11848 --- [miniproject] [main] org.hibernate.orm.connections.pooling    : HHH10001005: Database info:
	Database JDBC URL [Connecting through datasource 'HikariDataSource (HikariPool-1)']
	Database driver: undefined/unknown
	Database version: 11.2
	Autocommit mode: undefined/unknown
	Isolation level: undefined/unknown
	Minimum pool size: undefined/unknown
	Maximum pool size: undefined/unknown
2025-03-26T09:22:25.543+05:30  INFO 11848 --- [miniproject] [main] o.h.e.t.j.p.i.JtaPlatformInitiator       : HHH000489: No JTA platform available (set 'hibernate.transaction.jta.platform' to enable JTA platform integration)
2025-03-26T09:22:25.551+05:30  INFO 11848 --- [miniproject] [main] j.LocalContainerEntityManagerFactoryBean : Initialized JPA EntityManagerFactory for persistence unit 'default'
2025-03-26T09:22:25.602+05:30  WARN 11848 --- [miniproject] [main] JpaBaseConfiguration$JpaWebConfiguration : spring.jpa.open-in-view is enabled by default. Therefore, database queries may be performed during view rendering. Explicitly configure spring.jpa.open-in-view to disable this warning
2025-03-26T09:22:26.264+05:30  INFO 11848 --- [miniproject] [main] o.s.b.w.embedded.tomcat.TomcatWebServer  : Tomcat started on port 9091 (http) with context path '/'
2025-03-26T09:22:26.281+05:30  INFO 11848 --- [miniproject] [main] c.e.miniproject.MiniprojectApplication   : Started MiniprojectApplication in 5.538 seconds (process running for 5.967)
2025-03-26T09:22:50.615+05:30  INFO 11848 --- [miniproject] [http-nio-9091-exec-1] o.a.c.c.C.[Tomcat].[localhost].[/]       : Initializing Spring DispatcherServlet 'dispatcherServlet'
2025-03-26T09:22:50.615+05:30  INFO 11848 --- [miniproject] [http-nio-9091-exec-1] o.s.web.servlet.DispatcherServlet        : Initializing Servlet 'dispatcherServlet'
2025-03-26T09:22:50.624+05:30  INFO 11848 --- [miniproject] [http-nio-9091-exec-1] o.s.web.servlet.DispatcherServlet        : Completed initialization in 9 ms
2025-03-26T09:48:46.339+05:30  WARN 11848 --- [miniproject] [HikariPool-1 housekeeper] com.zaxxer.hikari.pool.HikariPool        : HikariPool-1 - Thread starvation or clock leap detected (housekeeper delta=14m51s261ms518µs300ns).
2025-03-26T10:01:36.355+05:30  INFO 11968 --- [miniproject] [main] c.e.miniproject.MiniprojectApplication   : Starting MiniprojectApplication using Java 17.0.12 with PID 11968 (C:\Users\dell\Desktop\Spring\miniproject.zip_expanded\miniproject\target\classes started by dell in C:\Users\dell\Desktop\Spring\miniproject.zip_expanded\miniproject)
2025-03-26T10:01:36.361+05:30  INFO 11968 --- [miniproject] [main] c.e.miniproject.MiniprojectApplication   : No active profile set, falling back to 1 default profile: "default"
2025-03-26T10:01:37.561+05:30  INFO 11968 --- [miniproject] [main] .s.d.r.c.RepositoryConfigurationDelegate : Multiple Spring Data modules found, entering strict repository configuration mode
2025-03-26T10:01:37.566+05:30  INFO 11968 --- [miniproject] [main] .s.d.r.c.RepositoryConfigurationDelegate : Bootstrapping Spring Data JDBC repositories in DEFAULT mode.
2025-03-26T10:01:37.602+05:30  INFO 11968 --- [miniproject] [main] .s.d.r.c.RepositoryConfigurationDelegate : Finished Spring Data repository scanning in 23 ms. Found 0 JDBC repository interfaces.
2025-03-26T10:01:37.631+05:30  INFO 11968 --- [miniproject] [main] .s.d.r.c.RepositoryConfigurationDelegate : Multiple Spring Data modules found, entering strict repository configuration mode
2025-03-26T10:01:37.635+05:30  INFO 11968 --- [miniproject] [main] .s.d.r.c.RepositoryConfigurationDelegate : Bootstrapping Spring Data JPA repositories in DEFAULT mode.
2025-03-26T10:01:37.649+05:30  INFO 11968 --- [miniproject] [main] .s.d.r.c.RepositoryConfigurationDelegate : Finished Spring Data repository scanning in 4 ms. Found 0 JPA repository interfaces.
2025-03-26T10:01:38.411+05:30  INFO 11968 --- [miniproject] [main] o.s.b.w.embedded.tomcat.TomcatWebServer  : Tomcat initialized with port 9091 (http)
2025-03-26T10:01:38.445+05:30  INFO 11968 --- [miniproject] [main] o.apache.catalina.core.StandardService   : Starting service [Tomcat]
2025-03-26T10:01:38.445+05:30  INFO 11968 --- [miniproject] [main] o.apache.catalina.core.StandardEngine    : Starting Servlet engine: [Apache Tomcat/10.1.39]
2025-03-26T10:01:38.706+05:30  INFO 11968 --- [miniproject] [main] org.apache.jasper.servlet.TldScanner     : At least one JAR was scanned for TLDs yet contained no TLDs. Enable debug logging for this logger for a complete list of JARs that were scanned but no TLDs were found in them. Skipping unneeded JARs during scanning can improve startup time and JSP compilation time.
2025-03-26T10:01:38.719+05:30  INFO 11968 --- [miniproject] [main] o.a.c.c.C.[Tomcat].[localhost].[/]       : Initializing Spring embedded WebApplicationContext
2025-03-26T10:01:38.720+05:30  INFO 11968 --- [miniproject] [main] w.s.c.ServletWebServerApplicationContext : Root WebApplicationContext: initialization completed in 2285 ms
2025-03-26T10:01:39.145+05:30  INFO 11968 --- [miniproject] [main] o.hibernate.jpa.internal.util.LogHelper  : HHH000204: Processing PersistenceUnitInfo [name: default]
2025-03-26T10:01:39.241+05:30  INFO 11968 --- [miniproject] [main] org.hibernate.Version                    : HHH000412: Hibernate ORM core version 6.6.11.Final
2025-03-26T10:01:39.299+05:30  INFO 11968 --- [miniproject] [main] o.h.c.internal.RegionFactoryInitiator    : HHH000026: Second-level cache disabled
2025-03-26T10:01:39.687+05:30  INFO 11968 --- [miniproject] [main] o.s.o.j.p.SpringPersistenceUnitInfo      : No LoadTimeWeaver setup: ignoring JPA class transformer
2025-03-26T10:01:39.733+05:30  INFO 11968 --- [miniproject] [main] com.zaxxer.hikari.HikariDataSource       : HikariPool-1 - Starting...
2025-03-26T10:01:40.161+05:30  INFO 11968 --- [miniproject] [main] com.zaxxer.hikari.pool.HikariPool        : HikariPool-1 - Added connection oracle.jdbc.driver.T4CConnection@300bb303
2025-03-26T10:01:40.164+05:30  INFO 11968 --- [miniproject] [main] com.zaxxer.hikari.HikariDataSource       : HikariPool-1 - Start completed.
2025-03-26T10:01:40.336+05:30  WARN 11968 --- [miniproject] [main] org.hibernate.dialect.Dialect            : HHH000511: The 11.2.0 version for [org.hibernate.dialect.OracleDialect] is no longer supported, hence certain features may not work properly. The minimum supported version is 19.0.0. Check the community dialects project for available legacy versions.
2025-03-26T10:01:40.345+05:30  WARN 11968 --- [miniproject] [main] org.hibernate.orm.deprecation            : HHH90000025: OracleDialect does not need to be specified explicitly using 'hibernate.dialect' (remove the property setting and it will be selected by default)
2025-03-26T10:01:40.546+05:30  INFO 11968 --- [miniproject] [main] org.hibernate.orm.connections.pooling    : HHH10001005: Database info:
	Database JDBC URL [Connecting through datasource 'HikariDataSource (HikariPool-1)']
	Database driver: undefined/unknown
	Database version: 11.2
	Autocommit mode: undefined/unknown
	Isolation level: undefined/unknown
	Minimum pool size: undefined/unknown
	Maximum pool size: undefined/unknown
2025-03-26T10:01:40.968+05:30  INFO 11968 --- [miniproject] [main] o.h.e.t.j.p.i.JtaPlatformInitiator       : HHH000489: No JTA platform available (set 'hibernate.transaction.jta.platform' to enable JTA platform integration)
2025-03-26T10:01:40.974+05:30  INFO 11968 --- [miniproject] [main] j.LocalContainerEntityManagerFactoryBean : Initialized JPA EntityManagerFactory for persistence unit 'default'
2025-03-26T10:01:41.035+05:30  WARN 11968 --- [miniproject] [main] JpaBaseConfiguration$JpaWebConfiguration : spring.jpa.open-in-view is enabled by default. Therefore, database queries may be performed during view rendering. Explicitly configure spring.jpa.open-in-view to disable this warning
2025-03-26T10:01:41.784+05:30  WARN 11968 --- [miniproject] [main] ConfigServletWebServerApplicationContext : Exception encountered during context initialization - cancelling refresh attempt: org.springframework.context.ApplicationContextException: Failed to start bean 'webServerStartStop'
2025-03-26T10:01:41.789+05:30  INFO 11968 --- [miniproject] [main] j.LocalContainerEntityManagerFactoryBean : Closing JPA EntityManagerFactory for persistence unit 'default'
2025-03-26T10:01:41.794+05:30  INFO 11968 --- [miniproject] [main] com.zaxxer.hikari.HikariDataSource       : HikariPool-1 - Shutdown initiated...
2025-03-26T10:01:41.820+05:30  INFO 11968 --- [miniproject] [main] com.zaxxer.hikari.HikariDataSource       : HikariPool-1 - Shutdown completed.
2025-03-26T10:01:41.845+05:30  INFO 11968 --- [miniproject] [main] .s.b.a.l.ConditionEvaluationReportLogger : 

Error starting ApplicationContext. To display the condition evaluation report re-run your application with 'debug' enabled.
2025-03-26T10:01:41.885+05:30 ERROR 11968 --- [miniproject] [main] o.s.b.d.LoggingFailureAnalysisReporter   : 

***************************
APPLICATION FAILED TO START
***************************

Description:

Web server failed to start. Port 9091 was already in use.

Action:

Identify and stop the process that's listening on port 9091 or configure this application to listen on another port.

2025-03-26T10:01:51.206+05:30  INFO 16300 --- [miniproject] [main] c.e.miniproject.MiniprojectApplication   : Starting MiniprojectApplication using Java 17.0.12 with PID 16300 (C:\Users\dell\Desktop\Spring\miniproject.zip_expanded\miniproject\target\classes started by dell in C:\Users\dell\Desktop\Spring\miniproject.zip_expanded\miniproject)
2025-03-26T10:01:51.210+05:30  INFO 16300 --- [miniproject] [main] c.e.miniproject.MiniprojectApplication   : No active profile set, falling back to 1 default profile: "default"
2025-03-26T10:01:52.278+05:30  INFO 16300 --- [miniproject] [main] .s.d.r.c.RepositoryConfigurationDelegate : Multiple Spring Data modules found, entering strict repository configuration mode
2025-03-26T10:01:52.281+05:30  INFO 16300 --- [miniproject] [main] .s.d.r.c.RepositoryConfigurationDelegate : Bootstrapping Spring Data JDBC repositories in DEFAULT mode.
2025-03-26T10:01:52.319+05:30  INFO 16300 --- [miniproject] [main] .s.d.r.c.RepositoryConfigurationDelegate : Finished Spring Data repository scanning in 20 ms. Found 0 JDBC repository interfaces.
2025-03-26T10:01:52.346+05:30  INFO 16300 --- [miniproject] [main] .s.d.r.c.RepositoryConfigurationDelegate : Multiple Spring Data modules found, entering strict repository configuration mode
2025-03-26T10:01:52.349+05:30  INFO 16300 --- [miniproject] [main] .s.d.r.c.RepositoryConfigurationDelegate : Bootstrapping Spring Data JPA repositories in DEFAULT mode.
2025-03-26T10:01:52.365+05:30  INFO 16300 --- [miniproject] [main] .s.d.r.c.RepositoryConfigurationDelegate : Finished Spring Data repository scanning in 2 ms. Found 0 JPA repository interfaces.
2025-03-26T10:01:53.018+05:30  INFO 16300 --- [miniproject] [main] o.s.b.w.embedded.tomcat.TomcatWebServer  : Tomcat initialized with port 9091 (http)
2025-03-26T10:01:53.036+05:30  INFO 16300 --- [miniproject] [main] o.apache.catalina.core.StandardService   : Starting service [Tomcat]
2025-03-26T10:01:53.036+05:30  INFO 16300 --- [miniproject] [main] o.apache.catalina.core.StandardEngine    : Starting Servlet engine: [Apache Tomcat/10.1.39]
2025-03-26T10:01:53.273+05:30  INFO 16300 --- [miniproject] [main] org.apache.jasper.servlet.TldScanner     : At least one JAR was scanned for TLDs yet contained no TLDs. Enable debug logging for this logger for a complete list of JARs that were scanned but no TLDs were found in them. Skipping unneeded JARs during scanning can improve startup time and JSP compilation time.
2025-03-26T10:01:53.288+05:30  INFO 16300 --- [miniproject] [main] o.a.c.c.C.[Tomcat].[localhost].[/]       : Initializing Spring embedded WebApplicationContext
2025-03-26T10:01:53.289+05:30  INFO 16300 --- [miniproject] [main] w.s.c.ServletWebServerApplicationContext : Root WebApplicationContext: initialization completed in 1993 ms
2025-03-26T10:01:53.637+05:30  INFO 16300 --- [miniproject] [main] o.hibernate.jpa.internal.util.LogHelper  : HHH000204: Processing PersistenceUnitInfo [name: default]
2025-03-26T10:01:53.706+05:30  INFO 16300 --- [miniproject] [main] org.hibernate.Version                    : HHH000412: Hibernate ORM core version 6.6.11.Final
2025-03-26T10:01:53.755+05:30  INFO 16300 --- [miniproject] [main] o.h.c.internal.RegionFactoryInitiator    : HHH000026: Second-level cache disabled
2025-03-26T10:01:54.091+05:30  INFO 16300 --- [miniproject] [main] o.s.o.j.p.SpringPersistenceUnitInfo      : No LoadTimeWeaver setup: ignoring JPA class transformer
2025-03-26T10:01:54.132+05:30  INFO 16300 --- [miniproject] [main] com.zaxxer.hikari.HikariDataSource       : HikariPool-1 - Starting...
2025-03-26T10:01:54.531+05:30  INFO 16300 --- [miniproject] [main] com.zaxxer.hikari.pool.HikariPool        : HikariPool-1 - Added connection oracle.jdbc.driver.T4CConnection@63187d63
2025-03-26T10:01:54.534+05:30  INFO 16300 --- [miniproject] [main] com.zaxxer.hikari.HikariDataSource       : HikariPool-1 - Start completed.
2025-03-26T10:01:54.662+05:30  WARN 16300 --- [miniproject] [main] org.hibernate.dialect.Dialect            : HHH000511: The 11.2.0 version for [org.hibernate.dialect.OracleDialect] is no longer supported, hence certain features may not work properly. The minimum supported version is 19.0.0. Check the community dialects project for available legacy versions.
2025-03-26T10:01:54.675+05:30  WARN 16300 --- [miniproject] [main] org.hibernate.orm.deprecation            : HHH90000025: OracleDialect does not need to be specified explicitly using 'hibernate.dialect' (remove the property setting and it will be selected by default)
2025-03-26T10:01:54.856+05:30  INFO 16300 --- [miniproject] [main] org.hibernate.orm.connections.pooling    : HHH10001005: Database info:
	Database JDBC URL [Connecting through datasource 'HikariDataSource (HikariPool-1)']
	Database driver: undefined/unknown
	Database version: 11.2
	Autocommit mode: undefined/unknown
	Isolation level: undefined/unknown
	Minimum pool size: undefined/unknown
	Maximum pool size: undefined/unknown
2025-03-26T10:01:55.351+05:30  INFO 16300 --- [miniproject] [main] o.h.e.t.j.p.i.JtaPlatformInitiator       : HHH000489: No JTA platform available (set 'hibernate.transaction.jta.platform' to enable JTA platform integration)
2025-03-26T10:01:55.361+05:30  INFO 16300 --- [miniproject] [main] j.LocalContainerEntityManagerFactoryBean : Initialized JPA EntityManagerFactory for persistence unit 'default'
2025-03-26T10:01:55.432+05:30  WARN 16300 --- [miniproject] [main] JpaBaseConfiguration$JpaWebConfiguration : spring.jpa.open-in-view is enabled by default. Therefore, database queries may be performed during view rendering. Explicitly configure spring.jpa.open-in-view to disable this warning
2025-03-26T10:01:56.302+05:30  INFO 16300 --- [miniproject] [main] o.s.b.w.embedded.tomcat.TomcatWebServer  : Tomcat started on port 9091 (http) with context path '/'
2025-03-26T10:01:56.323+05:30  INFO 16300 --- [miniproject] [main] c.e.miniproject.MiniprojectApplication   : Started MiniprojectApplication in 5.689 seconds (process running for 6.187)
2025-03-26T10:02:34.686+05:30  INFO 16300 --- [miniproject] [http-nio-9091-exec-5] o.a.c.c.C.[Tomcat].[localhost].[/]       : Initializing Spring DispatcherServlet 'dispatcherServlet'
2025-03-26T10:02:34.686+05:30  INFO 16300 --- [miniproject] [http-nio-9091-exec-5] o.s.web.servlet.DispatcherServlet        : Initializing Servlet 'dispatcherServlet'
2025-03-26T10:02:34.695+05:30  INFO 16300 --- [miniproject] [http-nio-9091-exec-5] o.s.web.servlet.DispatcherServlet        : Completed initialization in 9 ms
2025-03-26T10:21:44.493+05:30  WARN 16300 --- [miniproject] [HikariPool-1 housekeeper] com.zaxxer.hikari.pool.HikariPool        : HikariPool-1 - Thread starvation or clock leap detected (housekeeper delta=1m19s558ms936µs900ns).
